<?xml version="1.0" encoding="UTF-8"?>
<!-- Generated by org.testng.reporters.JUnitXMLReporter -->
<testsuite hostname="Alka-PC" ignored="0" name="Default test" tests="15" failures="0" timestamp="08 Dec 2021 10:17:03 GMT" time="140.255" errors="0">
  <testcase name="CheckingPageTitle" time="60.398" classname="com.makemytrip.TestCases.MakeTripHomePageTest"/>
  <testcase name="IntroductionMyBizText" time="1.607" classname="com.makemytrip.TestCases.MakeTripHomePageTest"/>
  <testcase name="Login_Signup_Best_Practices_Text" time="0.249" classname="com.makemytrip.TestCases.MakeTripHomePageTest"/>
  <testcase name="Login_with_phone_email" time="0.089" classname="com.makemytrip.TestCases.MakeTripHomePageTest"/>
  <testcase name="MakeMyTripForBusiness" time="0.095" classname="com.makemytrip.TestCases.MakeTripHomePageTest"/>
  <testcase name="Manage_Your_Booking" time="0.085" classname="com.makemytrip.TestCases.MakeTripHomePageTest"/>
  <testcase name="SuitcaseIcon" time="0.07" classname="com.makemytrip.TestCases.MakeTripHomePageTest"/>
  <testcase name="launch_home_page" time="9.42" classname="com.makemytrip.TestCases.MakeTripHomePageTest"/>
  <testcase name="CheckMakeMyTripLogoIsVisible" time="7.761" classname="com.makemytrip.TestCases.MakeTripHomePageTest"/>
  <testcase name="CountryLanguageCurrency" time="0.076" classname="com.makemytrip.TestCases.MakeTripHomePageTest"/>
  <testcase name="Google_Option_Text" time="0.062" classname="com.makemytrip.TestCases.MakeTripHomePageTest"/>
  <testcase name="Login_Signup_Easily_With_Text" time="0.071" classname="com.makemytrip.TestCases.MakeTripHomePageTest"/>
  <testcase name="MyIconOnLoginButton" time="0.087" classname="com.makemytrip.TestCases.MakeTripHomePageTest"/>
  <testcase name="MyTripText" time="0.083" classname="com.makemytrip.TestCases.MakeTripHomePageTest"/>
  <testcase name="CheckMyBizLogo" time="0.085" classname="com.makemytrip.TestCases.MakeTripHomePageTest"/>
</testsuite> <!-- Default test -->
