<?xml version="1.0" encoding="UTF-8"?>
<!-- Generated by org.testng.reporters.JUnitXMLReporter -->
<testsuite hostname="Alka-PC" ignored="0" name="Test" tests="15" failures="0" timestamp="19 Nov 2021 20:29:33 GMT" time="71.11" errors="0">
  <testcase name="CheckingPageTitle" time="46.285" classname="com.makemytrip.TestCases.MakeTripHomePageTest"/>
  <testcase name="IntroductionMyBizText" time="2.454" classname="com.makemytrip.TestCases.MakeTripHomePageTest"/>
  <testcase name="Login_Signup_Best_Practices_Text" time="0.364" classname="com.makemytrip.TestCases.MakeTripHomePageTest"/>
  <testcase name="Login_with_phone_email" time="0.033" classname="com.makemytrip.TestCases.MakeTripHomePageTest"/>
  <testcase name="MakeMyTripForBusiness" time="0.049" classname="com.makemytrip.TestCases.MakeTripHomePageTest"/>
  <testcase name="Manage_Your_Booking" time="0.06" classname="com.makemytrip.TestCases.MakeTripHomePageTest"/>
  <testcase name="SuitcaseIcon" time="0.043" classname="com.makemytrip.TestCases.MakeTripHomePageTest"/>
  <testcase name="launch_home_page" time="12.775" classname="com.makemytrip.TestCases.MakeTripHomePageTest"/>
  <testcase name="CheckMakeMyTripLogoIsVisible" time="0.786" classname="com.makemytrip.TestCases.MakeTripHomePageTest"/>
  <testcase name="CountryLanguageCurrency" time="0.054" classname="com.makemytrip.TestCases.MakeTripHomePageTest"/>
  <testcase name="Google_Option_Text" time="0.043" classname="com.makemytrip.TestCases.MakeTripHomePageTest"/>
  <testcase name="Login_Signup_Easily_With_Text" time="0.03" classname="com.makemytrip.TestCases.MakeTripHomePageTest"/>
  <testcase name="MyIconOnLoginButton" time="0.033" classname="com.makemytrip.TestCases.MakeTripHomePageTest"/>
  <testcase name="MyTripText" time="0.046" classname="com.makemytrip.TestCases.MakeTripHomePageTest"/>
  <testcase name="CheckMyBizLogo" time="0.058" classname="com.makemytrip.TestCases.MakeTripHomePageTest"/>
</testsuite> <!-- Test -->
