<?xml version="1.0" encoding="UTF-8"?>
<testng-results skipped="0" failed="0" ignored="0" total="15" passed="15">
  <reporter-output>
  </reporter-output>
  <suite name="Default suite" duration-ms="140255" started-at="2021-12-08T10:14:41Z" finished-at="2021-12-08T10:17:02Z">
    <groups>
    </groups>
    <test name="Default test" duration-ms="140255" started-at="2021-12-08T10:14:41Z" finished-at="2021-12-08T10:17:02Z">
      <class name="com.makemytrip.TestCases.MakeTripHomePageTest">
        <test-method status="PASS" signature="setup()[pri:0, instance:com.makemytrip.TestCases.MakeTripHomePageTest@13e39c73]" name="setup" is-config="true" duration-ms="56441" started-at="2021-12-08T10:14:41Z" finished-at="2021-12-08T10:15:38Z">
          <reporter-output>
          </reporter-output>
        </test-method> <!-- setup -->
        <test-method status="PASS" signature="CheckingPageTitle()[pri:0, instance:com.makemytrip.TestCases.MakeTripHomePageTest@13e39c73]" name="CheckingPageTitle" duration-ms="60398" started-at="2021-12-08T10:15:38Z" finished-at="2021-12-08T10:16:38Z">
          <reporter-output>
          </reporter-output>
        </test-method> <!-- CheckingPageTitle -->
        <test-method status="PASS" signature="IntroductionMyBizText()[pri:0, instance:com.makemytrip.TestCases.MakeTripHomePageTest@13e39c73]" name="IntroductionMyBizText" duration-ms="1607" started-at="2021-12-08T10:16:38Z" finished-at="2021-12-08T10:16:40Z">
          <reporter-output>
          </reporter-output>
        </test-method> <!-- IntroductionMyBizText -->
        <test-method status="PASS" signature="Login_Signup_Best_Practices_Text()[pri:0, instance:com.makemytrip.TestCases.MakeTripHomePageTest@13e39c73]" name="Login_Signup_Best_Practices_Text" duration-ms="249" started-at="2021-12-08T10:16:40Z" finished-at="2021-12-08T10:16:40Z">
          <reporter-output>
          </reporter-output>
        </test-method> <!-- Login_Signup_Best_Practices_Text -->
        <test-method status="PASS" signature="Login_with_phone_email()[pri:0, instance:com.makemytrip.TestCases.MakeTripHomePageTest@13e39c73]" name="Login_with_phone_email" duration-ms="89" started-at="2021-12-08T10:16:40Z" finished-at="2021-12-08T10:16:40Z">
          <reporter-output>
          </reporter-output>
        </test-method> <!-- Login_with_phone_email -->
        <test-method status="PASS" signature="MakeMyTripForBusiness()[pri:0, instance:com.makemytrip.TestCases.MakeTripHomePageTest@13e39c73]" name="MakeMyTripForBusiness" duration-ms="95" started-at="2021-12-08T10:16:40Z" finished-at="2021-12-08T10:16:40Z">
          <reporter-output>
          </reporter-output>
        </test-method> <!-- MakeMyTripForBusiness -->
        <test-method status="PASS" signature="Manage_Your_Booking()[pri:0, instance:com.makemytrip.TestCases.MakeTripHomePageTest@13e39c73]" name="Manage_Your_Booking" duration-ms="85" started-at="2021-12-08T10:16:40Z" finished-at="2021-12-08T10:16:40Z">
          <reporter-output>
          </reporter-output>
        </test-method> <!-- Manage_Your_Booking -->
        <test-method status="PASS" signature="SuitcaseIcon()[pri:0, instance:com.makemytrip.TestCases.MakeTripHomePageTest@13e39c73]" name="SuitcaseIcon" duration-ms="70" started-at="2021-12-08T10:16:40Z" finished-at="2021-12-08T10:16:40Z">
          <reporter-output>
          </reporter-output>
        </test-method> <!-- SuitcaseIcon -->
        <test-method status="PASS" signature="launch_home_page()[pri:0, instance:com.makemytrip.TestCases.MakeTripHomePageTest@13e39c73]" name="launch_home_page" duration-ms="9420" started-at="2021-12-08T10:16:40Z" finished-at="2021-12-08T10:16:50Z">
          <reporter-output>
          </reporter-output>
        </test-method> <!-- launch_home_page -->
        <test-method status="PASS" signature="CheckMakeMyTripLogoIsVisible()[pri:0, instance:com.makemytrip.TestCases.MakeTripHomePageTest@13e39c73]" name="CheckMakeMyTripLogoIsVisible" duration-ms="7761" started-at="2021-12-08T10:16:50Z" finished-at="2021-12-08T10:16:58Z">
          <reporter-output>
          </reporter-output>
        </test-method> <!-- CheckMakeMyTripLogoIsVisible -->
        <test-method status="PASS" signature="CountryLanguageCurrency()[pri:0, instance:com.makemytrip.TestCases.MakeTripHomePageTest@13e39c73]" name="CountryLanguageCurrency" duration-ms="76" started-at="2021-12-08T10:16:58Z" finished-at="2021-12-08T10:16:58Z">
          <reporter-output>
          </reporter-output>
        </test-method> <!-- CountryLanguageCurrency -->
        <test-method status="PASS" signature="Google_Option_Text()[pri:0, instance:com.makemytrip.TestCases.MakeTripHomePageTest@13e39c73]" name="Google_Option_Text" duration-ms="62" started-at="2021-12-08T10:16:58Z" finished-at="2021-12-08T10:16:58Z">
          <reporter-output>
          </reporter-output>
        </test-method> <!-- Google_Option_Text -->
        <test-method status="PASS" signature="Login_Signup_Easily_With_Text()[pri:0, instance:com.makemytrip.TestCases.MakeTripHomePageTest@13e39c73]" name="Login_Signup_Easily_With_Text" duration-ms="71" started-at="2021-12-08T10:16:58Z" finished-at="2021-12-08T10:16:58Z">
          <reporter-output>
          </reporter-output>
        </test-method> <!-- Login_Signup_Easily_With_Text -->
        <test-method status="PASS" signature="MyIconOnLoginButton()[pri:0, instance:com.makemytrip.TestCases.MakeTripHomePageTest@13e39c73]" name="MyIconOnLoginButton" duration-ms="87" started-at="2021-12-08T10:16:58Z" finished-at="2021-12-08T10:16:58Z">
          <reporter-output>
          </reporter-output>
        </test-method> <!-- MyIconOnLoginButton -->
        <test-method status="PASS" signature="MyTripText()[pri:0, instance:com.makemytrip.TestCases.MakeTripHomePageTest@13e39c73]" name="MyTripText" duration-ms="83" started-at="2021-12-08T10:16:58Z" finished-at="2021-12-08T10:16:58Z">
          <reporter-output>
          </reporter-output>
        </test-method> <!-- MyTripText -->
        <test-method status="PASS" signature="CheckMyBizLogo()[pri:0, instance:com.makemytrip.TestCases.MakeTripHomePageTest@13e39c73]" name="CheckMyBizLogo" duration-ms="85" started-at="2021-12-08T10:16:58Z" depends-on-methods="com.makemytrip.TestCases.MakeTripHomePageTest.launch_home_page" finished-at="2021-12-08T10:16:58Z">
          <reporter-output>
          </reporter-output>
        </test-method> <!-- CheckMyBizLogo -->
        <test-method status="PASS" signature="teardown()[pri:0, instance:com.makemytrip.TestCases.MakeTripHomePageTest@13e39c73]" name="teardown" is-config="true" duration-ms="3450" started-at="2021-12-08T10:16:58Z" finished-at="2021-12-08T10:17:02Z">
          <reporter-output>
          </reporter-output>
        </test-method> <!-- teardown -->
      </class> <!-- com.makemytrip.TestCases.MakeTripHomePageTest -->
    </test> <!-- Default test -->
  </suite> <!-- Default suite -->
</testng-results>
